Log file open, 12/24/21 10:06:10
LogWindows: Failed to load 'aqProf.dll' (GetLastError=126)
LogWindows: File 'aqProf.dll' does not exist
LogWindows: Failed to load 'VtuneApi.dll' (GetLastError=126)
LogWindows: File 'VtuneApi.dll' does not exist
LogWindows: Failed to load 'VtuneApi32e.dll' (GetLastError=126)
LogWindows: File 'VtuneApi32e.dll' does not exist
LogConsoleResponse: Display: Failed to find resolution value strings in scalability ini. Falling back to default.
LogConsoleResponse: Display: Failed to find resolution value strings in scalability ini. Falling back to default.
LogInit: Display: Running engine for game: IndoorShootingRange5
LogPlatformFile: Not using cached read wrapper
LogTaskGraph: Started task graph with 5 named threads and 23 total threads with 3 sets of task threads.
LogStats: Stats thread started at 0.833381
LogICUInternationalization: ICU TimeZone Detection - Raw Offset: -5:00, Platform Override: ''
LogInit: Display: Loading text-based GConfig....
LogPluginManager: Mounting plugin MeshPainting
LogPluginManager: Mounting plugin XGEController
LogPluginManager: Mounting plugin Paper2D
LogPluginManager: Mounting plugin AISupport
LogPluginManager: Mounting plugin EnvironmentQueryEditor
LogPluginManager: Mounting plugin LiveLink
LogPluginManager: Mounting plugin OodleData
LogPluginManager: Mounting plugin AnimationSharing
LogPluginManager: Mounting plugin CameraShakePreviewer
LogPluginManager: Mounting plugin LightPropagationVolume
LogPluginManager: Mounting plugin OodleNetwork
LogPluginManager: Mounting plugin GameplayCameras
LogPluginManager: Mounting plugin CLionSourceCodeAccess
LogPluginManager: Mounting plugin CodeLiteSourceCodeAccess
LogPluginManager: Mounting plugin KDevelopSourceCodeAccess
LogPluginManager: Mounting plugin GitSourceControl
LogPluginManager: Mounting plugin NullSourceCodeAccess
LogPluginManager: Mounting plugin PixWinPlugin
LogPluginManager: Mounting plugin PerforceSourceControl
LogPluginManager: Mounting plugin PlasticSourceControl
LogPluginManager: Mounting plugin PluginUtils
LogPluginManager: Mounting plugin PropertyAccessNode
LogPluginManager: Mounting plugin RiderSourceCodeAccess
LogPluginManager: Mounting plugin TextureFormatOodle
LogPluginManager: Mounting plugin SubversionSourceControl
LogPluginManager: Mounting plugin UObjectPlugin
LogPluginManager: Mounting plugin VisualStudioCodeSourceCodeAccess
LogPluginManager: Mounting plugin XCodeSourceCodeAccess
LogPluginManager: Mounting plugin VisualStudioSourceCodeAccess
LogPluginManager: Mounting plugin DatasmithContent
LogPluginManager: Mounting plugin AssetManagerEditor
LogPluginManager: Mounting plugin VariantManagerContent
LogPluginManager: Mounting plugin Niagara
LogPluginManager: Mounting plugin LuminPlatformFeatures
LogPluginManager: Mounting plugin MagicLeap
LogPluginManager: Mounting plugin MagicLeapLightEstimation
LogPluginManager: Mounting plugin MagicLeapMedia
LogPluginManager: Mounting plugin MagicLeapPassableWorld
LogPluginManager: Mounting plugin MLSDK
LogPluginManager: Mounting plugin CryptoKeys
LogPluginManager: Mounting plugin CurveEditorTools
LogPluginManager: Mounting plugin DataValidation
LogPluginManager: Mounting plugin FacialAnimation
LogPluginManager: Mounting plugin GameplayTagsEditor
LogPluginManager: Mounting plugin GeometryMode
LogPluginManager: Mounting plugin MacGraphicsSwitching
LogPluginManager: Mounting plugin MaterialAnalyzer
LogPluginManager: Mounting plugin PluginBrowser
LogPluginManager: Mounting plugin MobileLauncherProfileWizard
LogPluginManager: Mounting plugin SpeedTreeImporter
LogPluginManager: Mounting plugin AndroidMedia
LogPluginManager: Mounting plugin AvfMedia
LogPluginManager: Mounting plugin ImgMedia
LogPluginManager: Mounting plugin MediaCompositing
LogPluginManager: Mounting plugin MediaPlayerEditor
LogPluginManager: Mounting plugin WebMMedia
LogPluginManager: Mounting plugin WmfMedia
LogPluginManager: Mounting plugin ActorSequence
LogPluginManager: Mounting plugin LevelSequenceEditor
LogPluginManager: Mounting plugin MatineeToLevelSequence
LogPluginManager: Mounting plugin TemplateSequence
LogPluginManager: Mounting plugin OnlineSubsystem
LogPluginManager: Mounting plugin OnlineSubsystemNull
LogPluginManager: Mounting plugin OnlineSubsystemUtils
LogPluginManager: Mounting plugin LauncherChunkInstaller
LogPluginManager: Mounting plugin TcpMessaging
LogPluginManager: Mounting plugin UdpMessaging
LogPluginManager: Mounting plugin ActorLayerUtilities
LogPluginManager: Mounting plugin AndroidMoviePlayer
LogPluginManager: Mounting plugin AndroidDeviceProfileSelector
LogPluginManager: Mounting plugin AndroidPermission
LogPluginManager: Mounting plugin AppleImageUtils
LogPluginManager: Mounting plugin AppleMoviePlayer
LogPluginManager: Mounting plugin ArchVisCharacter
LogPluginManager: Mounting plugin AssetTags
LogPluginManager: Mounting plugin AudioCapture
LogPluginManager: Mounting plugin AudioSynesthesia
LogPluginManager: Mounting plugin CableComponent
LogPluginManager: Mounting plugin ChunkDownloader
LogPluginManager: Mounting plugin CustomMeshComponent
LogPluginManager: Mounting plugin EditableMesh
LogPluginManager: Mounting plugin ExampleDeviceProfileSelector
LogPluginManager: Mounting plugin GoogleCloudMessaging
LogPluginManager: Mounting plugin GooglePAD
LogPluginManager: Mounting plugin LinuxDeviceProfileSelector
LogPluginManager: Mounting plugin IOSDeviceProfileSelector
LogPluginManager: Mounting plugin LocationServicesBPLibrary
LogPluginManager: Mounting plugin MobilePatchingUtils
LogPluginManager: Mounting plugin OpenXR
LogPluginManager: Mounting plugin OpenXREyeTracker
LogPluginManager: Mounting plugin OpenXRHandTracking
LogPluginManager: Mounting plugin PhysXVehicles
LogPluginManager: Mounting plugin ScreenshotTools
LogPluginManager: Mounting plugin PostSplashScreen
LogPluginManager: Mounting plugin PropertyAccessEditor
LogPluginManager: Mounting plugin ProceduralMeshComponent
LogPluginManager: Mounting plugin RuntimePhysXCooking
LogPluginManager: Mounting plugin SignificanceManager
LogPluginManager: Mounting plugin SoundFields
LogPluginManager: Mounting plugin Takes
LogPluginManager: Mounting plugin Synthesis
LogPluginManager: Mounting plugin WebMMoviePlayer
LogPluginManager: Mounting plugin WindowsMoviePlayer
LogPluginManager: Mounting plugin AlembicImporter
LogPluginManager: Mounting plugin AutomationUtils
LogPluginManager: Mounting plugin BackChannel
LogPluginManager: Mounting plugin ChaosClothEditor
LogPluginManager: Mounting plugin ChaosCloth
LogPluginManager: Mounting plugin ChaosEditor
LogPluginManager: Mounting plugin ChaosNiagara
LogPluginManager: Mounting plugin ChaosSolverPlugin
LogPluginManager: Mounting plugin CharacterAI
LogPluginManager: Mounting plugin GeometryCache
LogPluginManager: Mounting plugin GeometryCollectionPlugin
LogPluginManager: Mounting plugin GeometryProcessing
LogPluginManager: Mounting plugin OpenImageDenoise
LogPluginManager: Mounting plugin MotoSynth
LogPluginManager: Mounting plugin PlatformCrypto
LogPluginManager: Mounting plugin ProxyLODPlugin
LogPluginManager: Mounting plugin PythonScriptPlugin
LogPluginManager: Mounting plugin PlanarCut
LogPluginManager: Mounting plugin SkeletalReduction
LogPluginManager: Mounting plugin ContentBrowserAssetDataSource
LogPluginManager: Mounting plugin ContentBrowserClassDataSource
LogPluginManager: Mounting plugin ContentBrowserFileDataSource
LogPluginManager: Mounting plugin OnlineSubsystemGooglePlay
LogPluginManager: Mounting plugin OnlineSubsystemIOS
LogPluginManager: Mounting plugin OculusVR
LogPluginManager: Mounting plugin SteamVR
PixWinPlugin: PIX capture plugin failed to initialize! Check that the process is launched from PIX.
LogInit: Using libcurl 7.55.1-DEV
LogInit:  - built for x86_64-pc-win32
LogInit:  - supports SSL with OpenSSL/1.1.1
LogInit:  - supports HTTP deflate (compression) using libz 1.2.8
LogInit:  - other features:
LogInit:      CURL_VERSION_SSL
LogInit:      CURL_VERSION_LIBZ
LogInit:      CURL_VERSION_IPV6
LogInit:      CURL_VERSION_ASYNCHDNS
LogInit:      CURL_VERSION_LARGEFILE
LogInit:      CURL_VERSION_IDN
LogInit:  CurlRequestOptions (configurable via config and command line):
LogInit:  - bVerifyPeer = true  - Libcurl will verify peer certificate
LogInit:  - bUseHttpProxy = false  - Libcurl will NOT use HTTP proxy
LogInit:  - bDontReuseConnections = false  - Libcurl will reuse connections
LogInit:  - MaxHostConnections = 16  - Libcurl will limit the number of connections to a host
LogInit:  - LocalHostAddr = Default
LogInit:  - BufferSize = 65536
LogOnline: OSS: Creating online subsystem instance for: NULL
LogInit: WinSock: version 1.1 (2.2), MaxSocks=32767, MaxUdp=65467
LogOnline: OSS: TryLoadSubsystemAndSetDefault: Loaded subsystem for module [NULL]
LogOculusPluginWrapper: OculusPlugin initialized successfully
LogHMD: Failed initializing OVRPlugin 1.59.0
LogInit: Build: ++UE4+Release-4.27-CL-17735300
LogInit: Engine Version: 4.27.1-17735300+++UE4+Release-4.27
LogInit: Compatible Engine Version: 4.27.0-17155196+++UE4+Release-4.27
LogInit: Net CL: 17155196
LogInit: OS: Windows 10 (Release 2004) (), CPU: Intel(R) Core(TM) i5-8300H CPU @ 2.30GHz, GPU: Intel(R) UHD Graphics 630
LogInit: Compiled (64-bit): Oct  6 2021 14:42:51
LogInit: Compiled with Visual C++: 19.24.28315.00
LogInit: Build Configuration: Development
LogInit: Branch Name: ++UE4+Release-4.27
LogInit: Command Line: 
LogInit: Base Directory: D:/Epic Games/UE_4.27/Engine/Binaries/Win64/
LogInit: Allocator: TBB
LogInit: Installed Engine Build: 1
LogDevObjectVersion: Number of dev versions registered: 29
LogDevObjectVersion:   Dev-Blueprints (B0D832E4-1F89-4F0D-ACCF-7EB736FD4AA2): 10
LogDevObjectVersion:   Dev-Build (E1C64328-A22C-4D53-A36C-8E866417BD8C): 0
LogDevObjectVersion:   Dev-Core (375EC13C-06E4-48FB-B500-84F0262A717E): 4
LogDevObjectVersion:   Dev-Editor (E4B068ED-F494-42E9-A231-DA0B2E46BB41): 40
LogDevObjectVersion:   Dev-Framework (CFFC743F-43B0-4480-9391-14DF171D2073): 37
LogDevObjectVersion:   Dev-Mobile (B02B49B5-BB20-44E9-A304-32B752E40360): 3
LogDevObjectVersion:   Dev-Networking (A4E4105C-59A1-49B5-A7C5-40C4547EDFEE): 0
LogDevObjectVersion:   Dev-Online (39C831C9-5AE6-47DC-9A44-9C173E1C8E7C): 0
LogDevObjectVersion:   Dev-Physics (78F01B33-EBEA-4F98-B9B4-84EACCB95AA2): 14
LogDevObjectVersion:   Dev-Platform (6631380F-2D4D-43E0-8009-CF276956A95A): 0
LogDevObjectVersion:   Dev-Rendering (12F88B9F-8875-4AFC-A67C-D90C383ABD29): 45
LogDevObjectVersion:   Dev-Sequencer (7B5AE74C-D270-4C10-A958-57980B212A5A): 13
LogDevObjectVersion:   Dev-VR (D7296918-1DD6-4BDD-9DE2-64A83CC13884): 3
LogDevObjectVersion:   Dev-LoadTimes (C2A15278-BFE7-4AFE-6C17-90FF531DF755): 1
LogDevObjectVersion:   Private-Geometry (6EACA3D4-40EC-4CC1-B786-8BED09428FC5): 3
LogDevObjectVersion:   Dev-AnimPhys (29E575DD-E0A3-4627-9D10-D276232CDCEA): 17
LogDevObjectVersion:   Dev-Anim (AF43A65D-7FD3-4947-9873-3E8ED9C1BB05): 15
LogDevObjectVersion:   Dev-ReflectionCapture (6B266CEC-1EC7-4B8F-A30B-E4D90942FC07): 1
LogDevObjectVersion:   Dev-Automation (0DF73D61-A23F-47EA-B727-89E90C41499A): 1
LogDevObjectVersion:   FortniteMain (601D1886-AC64-4F84-AA16-D3DE0DEAC7D6): 47
LogDevObjectVersion:   FortniteRelease (E7086368-6B23-4C58-8439-1B7016265E91): 1
LogDevObjectVersion:   Dev-Enterprise (9DFFBCD6-494F-0158-E221-12823C92A888): 10
LogDevObjectVersion:   Dev-Niagara (F2AED0AC-9AFE-416F-8664-AA7FFA26D6FC): 1
LogDevObjectVersion:   Dev-Destruction (174F1F0B-B4C6-45A5-B13F-2EE8D0FB917D): 10
LogDevObjectVersion:   Dev-Physics-Ext (35F94A83-E258-406C-A318-09F59610247C): 41
LogDevObjectVersion:   Dev-PhysicsMaterial-Chaos (B68FC16E-8B1B-42E2-B453-215C058844FE): 1
LogDevObjectVersion:   Dev-CineCamera (B2E18506-4273-CFC2-A54E-F4BB758BBA07): 1
LogDevObjectVersion:   Dev-VirtualProduction (64F58936-FD1B-42BA-BA96-7289D5D0FA4E): 1
LogDevObjectVersion:   Dev-MediaFramework (6F0ED827-A609-4895-9C91-998D90180EA4): 2
LogInit: Presizing for max 25165824 objects, including 0 objects not considered by GC, pre-allocating 0 bytes for permanent pool.
LogConfig: Applying CVar settings from Section [/Script/Engine.StreamingSettings] File [C:/Users/Administrador/Documents/Unreal Projects/IndoorShootingRange5/Saved/Config/Windows/Engine.ini]
LogConfig: Setting CVar [[s.MinBulkDataSizeForAsyncLoading:131072]]
LogConfig: Setting CVar [[s.AsyncLoadingThreadEnabled:0]]
LogConfig: Setting CVar [[s.EventDrivenLoaderEnabled:1]]
LogConfig: Setting CVar [[s.WarnIfTimeLimitExceeded:0]]
LogConfig: Setting CVar [[s.TimeLimitExceededMultiplier:1.5]]
LogConfig: Setting CVar [[s.TimeLimitExceededMinTime:0.005]]
LogConfig: Setting CVar [[s.UseBackgroundLevelStreaming:1]]
LogConfig: Setting CVar [[s.PriorityAsyncLoadingExtraTime:15.0]]
LogConfig: Setting CVar [[s.LevelStreamingActorsUpdateTimeLimit:5.0]]
LogConfig: Setting CVar [[s.PriorityLevelStreamingActorsUpdateExtraTime:5.0]]
LogConfig: Setting CVar [[s.LevelStreamingComponentsRegistrationGranularity:10]]
LogConfig: Setting CVar [[s.UnregisterComponentsTimeLimit:1.0]]
LogConfig: Setting CVar [[s.LevelStreamingComponentsUnregistrationGranularity:5]]
LogConfig: Setting CVar [[s.FlushStreamingOnExit:1]]
LogInit: Object subsystem initialized
LogConfig: Setting CVar [[con.DebugEarlyDefault:1]]
LogConfig: Setting CVar [[r.setres:1280x720]]
[2021.12.24-15.06.15:042][  0]LogConfig: Setting CVar [[r.VSync:0]]
[2021.12.24-15.06.15:042][  0]LogConfig: Setting CVar [[r.RHICmdBypass:0]]
[2021.12.24-15.06.15:042][  0]LogConfig: Applying CVar settings from Section [/Script/Engine.RendererSettings] File [C:/Users/Administrador/Documents/Unreal Projects/IndoorShootingRange5/Saved/Config/Windows/Engine.ini]
[2021.12.24-15.06.15:042][  0]LogConfig: Setting CVar [[r.GPUCrashDebugging:0]]
[2021.12.24-15.06.15:042][  0]LogConfig: Applying CVar settings from Section [/Script/Engine.RendererOverrideSettings] File [C:/Users/Administrador/Documents/Unreal Projects/IndoorShootingRange5/Saved/Config/Windows/Engine.ini]
[2021.12.24-15.06.15:042][  0]LogConfig: Applying CVar settings from Section [/Script/Engine.StreamingSettings] File [C:/Users/Administrador/Documents/Unreal Projects/IndoorShootingRange5/Saved/Config/Windows/Engine.ini]
[2021.12.24-15.06.15:042][  0]LogConfig: Setting CVar [[s.MinBulkDataSizeForAsyncLoading:131072]]
[2021.12.24-15.06.15:042][  0]LogConfig: Setting CVar [[s.AsyncLoadingThreadEnabled:0]]
[2021.12.24-15.06.15:042][  0]LogConfig: Setting CVar [[s.EventDrivenLoaderEnabled:1]]
[2021.12.24-15.06.15:042][  0]LogConfig: Setting CVar [[s.WarnIfTimeLimitExceeded:0]]
[2021.12.24-15.06.15:042][  0]LogConfig: Setting CVar [[s.TimeLimitExceededMultiplier:1.5]]
[2021.12.24-15.06.15:042][  0]LogConfig: Setting CVar [[s.TimeLimitExceededMinTime:0.005]]
[2021.12.24-15.06.15:042][  0]LogConfig: Setting CVar [[s.UseBackgroundLevelStreaming:1]]
[2021.12.24-15.06.15:042][  0]LogConfig: Setting CVar [[s.PriorityAsyncLoadingExtraTime:15.0]]
[2021.12.24-15.06.15:042][  0]LogConfig: Setting CVar [[s.LevelStreamingActorsUpdateTimeLimit:5.0]]
[2021.12.24-15.06.15:042][  0]LogConfig: Setting CVar [[s.PriorityLevelStreamingActorsUpdateExtraTime:5.0]]
[2021.12.24-15.06.15:042][  0]LogConfig: Setting CVar [[s.LevelStreamingComponentsRegistrationGranularity:10]]
[2021.12.24-15.06.15:042][  0]LogConfig: Setting CVar [[s.UnregisterComponentsTimeLimit:1.0]]
[2021.12.24-15.06.15:042][  0]LogConfig: Setting CVar [[s.LevelStreamingComponentsUnregistrationGranularity:5]]
[2021.12.24-15.06.15:042][  0]LogConfig: Setting CVar [[s.FlushStreamingOnExit:1]]
[2021.12.24-15.06.15:042][  0]LogConfig: Applying CVar settings from Section [/Script/Engine.GarbageCollectionSettings] File [C:/Users/Administrador/Documents/Unreal Projects/IndoorShootingRange5/Saved/Config/Windows/Engine.ini]
[2021.12.24-15.06.15:042][  0]LogConfig: Setting CVar [[gc.MaxObjectsNotConsideredByGC:1]]
[2021.12.24-15.06.15:042][  0]LogConfig: Setting CVar [[gc.SizeOfPermanentObjectPool:0]]
[2021.12.24-15.06.15:042][  0]LogConfig: Setting CVar [[gc.FlushStreamingOnGC:0]]
[2021.12.24-15.06.15:043][  0]LogConfig: Setting CVar [[gc.NumRetriesBeforeForcingGC:10]]
[2021.12.24-15.06.15:043][  0]LogConfig: Setting CVar [[gc.AllowParallelGC:1]]
[2021.12.24-15.06.15:043][  0]LogConfig: Setting CVar [[gc.TimeBetweenPurgingPendingKillObjects:61.1]]
[2021.12.24-15.06.15:043][  0]LogConfig: Setting CVar [[gc.MaxObjectsInEditor:25165824]]
[2021.12.24-15.06.15:043][  0]LogConfig: Setting CVar [[gc.IncrementalBeginDestroyEnabled:1]]
[2021.12.24-15.06.15:043][  0]LogConfig: Setting CVar [[gc.CreateGCClusters:1]]
[2021.12.24-15.06.15:043][  0]LogConfig: Setting CVar [[gc.MinGCClusterSize:5]]
[2021.12.24-15.06.15:043][  0]LogConfig: Setting CVar [[gc.ActorClusteringEnabled:0]]
[2021.12.24-15.06.15:043][  0]LogConfig: Setting CVar [[gc.BlueprintClusteringEnabled:0]]
[2021.12.24-15.06.15:043][  0]LogConfig: Setting CVar [[gc.UseDisregardForGCOnDedicatedServers:0]]
[2021.12.24-15.06.15:043][  0]LogConfig: Setting CVar [[gc.MultithreadedDestructionEnabled:1]]
[2021.12.24-15.06.15:043][  0]LogConfig: Applying CVar settings from Section [/Script/Engine.NetworkSettings] File [C:/Users/Administrador/Documents/Unreal Projects/IndoorShootingRange5/Saved/Config/Windows/Engine.ini]
[2021.12.24-15.06.15:043][  0]LogConfig: Applying CVar settings from Section [/Script/UnrealEd.CookerSettings] File [C:/Users/Administrador/Documents/Unreal Projects/IndoorShootingRange5/Saved/Config/Windows/Engine.ini]
[2021.12.24-15.06.15:048][  0]LogConfig: Applying CVar settings from Section [ViewDistanceQuality@3] File [C:/Users/Administrador/Documents/Unreal Projects/IndoorShootingRange5/Saved/Config/Windows/Scalability.ini]
[2021.12.24-15.06.15:048][  0]LogConfig: Setting CVar [[r.SkeletalMeshLODBias:0]]
[2021.12.24-15.06.15:048][  0]LogConfig: Setting CVar [[r.ViewDistanceScale:1.0]]
[2021.12.24-15.06.15:048][  0]LogConfig: Applying CVar settings from Section [AntiAliasingQuality@3] File [C:/Users/Administrador/Documents/Unreal Projects/IndoorShootingRange5/Saved/Config/Windows/Scalability.ini]
[2021.12.24-15.06.15:048][  0]LogConfig: Setting CVar [[r.PostProcessAAQuality:4]]
[2021.12.24-15.06.15:048][  0]LogConfig: Applying CVar settings from Section [ShadowQuality@3] File [C:/Users/Administrador/Documents/Unreal Projects/IndoorShootingRange5/Saved/Config/Windows/Scalability.ini]
[2021.12.24-15.06.15:048][  0]LogConfig: Setting CVar [[r.LightFunctionQuality:1]]
[2021.12.24-15.06.15:048][  0]LogConfig: Setting CVar [[r.ShadowQuality:5]]
[2021.12.24-15.06.15:048][  0]LogConfig: Setting CVar [[r.Shadow.CSM.MaxCascades:10]]
[2021.12.24-15.06.15:048][  0]LogConfig: Setting CVar [[r.Shadow.MaxResolution:2048]]
[2021.12.24-15.06.15:048][  0]LogConfig: Setting CVar [[r.Shadow.MaxCSMResolution:2048]]
[2021.12.24-15.06.15:048][  0]LogConfig: Setting CVar [[r.Shadow.RadiusThreshold:0.01]]
[2021.12.24-15.06.15:048][  0]LogConfig: Setting CVar [[r.Shadow.DistanceScale:1.0]]
[2021.12.24-15.06.15:048][  0]LogConfig: Setting CVar [[r.Shadow.CSM.TransitionScale:1.0]]
[2021.12.24-15.06.15:048][  0]LogConfig: Setting CVar [[r.Shadow.PreShadowResolutionFactor:1.0]]
[2021.12.24-15.06.15:048][  0]LogConfig: Setting CVar [[r.DistanceFieldShadowing:1]]
[2021.12.24-15.06.15:048][  0]LogConfig: Setting CVar [[r.DistanceFieldAO:1]]
[2021.12.24-15.06.15:048][  0]LogConfig: Setting CVar [[r.AOQuality:2]]
[2021.12.24-15.06.15:048][  0]LogConfig: Setting CVar [[r.VolumetricFog:1]]
[2021.12.24-15.06.15:048][  0]LogConfig: Setting CVar [[r.VolumetricFog.GridPixelSize:8]]
[2021.12.24-15.06.15:048][  0]LogConfig: Setting CVar [[r.VolumetricFog.GridSizeZ:128]]
[2021.12.24-15.06.15:048][  0]LogConfig: Setting CVar [[r.VolumetricFog.HistoryMissSupersampleCount:4]]
[2021.12.24-15.06.15:048][  0]LogConfig: Setting CVar [[r.LightMaxDrawDistanceScale:1]]
[2021.12.24-15.06.15:048][  0]LogConfig: Setting CVar [[r.CapsuleShadows:1]]
[2021.12.24-15.06.15:048][  0]LogConfig: Applying CVar settings from Section [PostProcessQuality@3] File [C:/Users/Administrador/Documents/Unreal Projects/IndoorShootingRange5/Saved/Config/Windows/Scalability.ini]
[2021.12.24-15.06.15:048][  0]LogConfig: Setting CVar [[r.MotionBlurQuality:4]]
[2021.12.24-15.06.15:048][  0]LogConfig: Setting CVar [[r.AmbientOcclusionMipLevelFactor:0.4]]
[2021.12.24-15.06.15:048][  0]LogConfig: Setting CVar [[r.AmbientOcclusionMaxQuality:100]]
[2021.12.24-15.06.15:048][  0]LogConfig: Setting CVar [[r.AmbientOcclusionLevels:-1]]
[2021.12.24-15.06.15:048][  0]LogConfig: Setting CVar [[r.AmbientOcclusionRadiusScale:1.0]]
[2021.12.24-15.06.15:048][  0]LogConfig: Setting CVar [[r.DepthOfFieldQuality:2]]
[2021.12.24-15.06.15:048][  0]LogConfig: Setting CVar [[r.RenderTargetPoolMin:400]]
[2021.12.24-15.06.15:048][  0]LogConfig: Setting CVar [[r.LensFlareQuality:2]]
[2021.12.24-15.06.15:048][  0]LogConfig: Setting CVar [[r.SceneColorFringeQuality:1]]
[2021.12.24-15.06.15:048][  0]LogConfig: Setting CVar [[r.EyeAdaptationQuality:2]]
[2021.12.24-15.06.15:048][  0]LogConfig: Setting CVar [[r.BloomQuality:5]]
[2021.12.24-15.06.15:048][  0]LogConfig: Setting CVar [[r.FastBlurThreshold:100]]
[2021.12.24-15.06.15:048][  0]LogConfig: Setting CVar [[r.Upscale.Quality:3]]
[2021.12.24-15.06.15:048][  0]LogConfig: Setting CVar [[r.Tonemapper.GrainQuantization:1]]
[2021.12.24-15.06.15:048][  0]LogConfig: Setting CVar [[r.LightShaftQuality:1]]
[2021.12.24-15.06.15:048][  0]LogConfig: Setting CVar [[r.Filter.SizeScale:1]]
[2021.12.24-15.06.15:048][  0]LogConfig: Setting CVar [[r.Tonemapper.Quality:5]]
[2021.12.24-15.06.15:048][  0]LogConfig: Setting CVar [[r.DOF.Gather.AccumulatorQuality:1        ; higher gathering accumulator quality]]
[2021.12.24-15.06.15:048][  0]LogConfig: Setting CVar [[r.DOF.Gather.PostfilterMethod:1          ; Median3x3 postfilering method]]
[2021.12.24-15.06.15:048][  0]LogConfig: Setting CVar [[r.DOF.Gather.EnableBokehSettings:0       ; no bokeh simulation when gathering]]
[2021.12.24-15.06.15:048][  0]LogConfig: Setting CVar [[r.DOF.Gather.RingCount:4                 ; medium number of samples when gathering]]
[2021.12.24-15.06.15:048][  0]LogConfig: Setting CVar [[r.DOF.Scatter.ForegroundCompositing:1    ; additive foreground scattering]]
[2021.12.24-15.06.15:048][  0]LogConfig: Setting CVar [[r.DOF.Scatter.BackgroundCompositing:2    ; additive background scattering]]
[2021.12.24-15.06.15:048][  0]LogConfig: Setting CVar [[r.DOF.Scatter.EnableBokehSettings:1      ; bokeh simulation when scattering]]
[2021.12.24-15.06.15:048][  0]LogConfig: Setting CVar [[r.DOF.Scatter.MaxSpriteRatio:0.1         ; only a maximum of 10% of scattered bokeh]]
[2021.12.24-15.06.15:048][  0]LogConfig: Setting CVar [[r.DOF.Recombine.Quality:1                ; cheap slight out of focus]]
[2021.12.24-15.06.15:048][  0]LogConfig: Setting CVar [[r.DOF.Recombine.EnableBokehSettings:0    ; no bokeh simulation on slight out of focus]]
[2021.12.24-15.06.15:048][  0]LogConfig: Setting CVar [[r.DOF.TemporalAAQuality:1                ; more stable temporal accumulation]]
[2021.12.24-15.06.15:048][  0]LogConfig: Setting CVar [[r.DOF.Kernel.MaxForegroundRadius:0.025]]
[2021.12.24-15.06.15:048][  0]LogConfig: Setting CVar [[r.DOF.Kernel.MaxBackgroundRadius:0.025]]
[2021.12.24-15.06.15:048][  0]LogConfig: Applying CVar settings from Section [TextureQuality@3] File [C:/Users/Administrador/Documents/Unreal Projects/IndoorShootingRange5/Saved/Config/Windows/Scalability.ini]
[2021.12.24-15.06.15:048][  0]LogConfig: Setting CVar [[r.Streaming.MipBias:0]]
[2021.12.24-15.06.15:048][  0]LogConfig: Setting CVar [[r.Streaming.AmortizeCPUToGPUCopy:0]]
[2021.12.24-15.06.15:048][  0]LogConfig: Setting CVar [[r.Streaming.MaxNumTexturesToStreamPerFrame:0]]
[2021.12.24-15.06.15:048][  0]LogConfig: Setting CVar [[r.Streaming.Boost:1]]
[2021.12.24-15.06.15:048][  0]LogConfig: Setting CVar [[r.MaxAnisotropy:8]]
[2021.12.24-15.06.15:048][  0]LogConfig: Setting CVar [[r.VT.MaxAnisotropy:8]]
[2021.12.24-15.06.15:048][  0]LogConfig: Setting CVar [[r.Streaming.LimitPoolSizeToVRAM:0]]
[2021.12.24-15.06.15:048][  0]LogConfig: Setting CVar [[r.Streaming.PoolSize:1000]]
[2021.12.24-15.06.15:048][  0]LogConfig: Setting CVar [[r.Streaming.MaxEffectiveScreenSize:0]]
[2021.12.24-15.06.15:048][  0]LogConfig: Applying CVar settings from Section [EffectsQuality@3] File [C:/Users/Administrador/Documents/Unreal Projects/IndoorShootingRange5/Saved/Config/Windows/Scalability.ini]
[2021.12.24-15.06.15:048][  0]LogConfig: Setting CVar [[r.TranslucencyLightingVolumeDim:64]]
[2021.12.24-15.06.15:048][  0]LogConfig: Setting CVar [[r.RefractionQuality:2]]
[2021.12.24-15.06.15:048][  0]LogConfig: Setting CVar [[r.SSR.Quality:3]]
[2021.12.24-15.06.15:048][  0]LogConfig: Setting CVar [[r.SSR.HalfResSceneColor:0]]
[2021.12.24-15.06.15:048][  0]LogConfig: Setting CVar [[r.SceneColorFormat:4]]
[2021.12.24-15.06.15:048][  0]LogConfig: Setting CVar [[r.DetailMode:2]]
[2021.12.24-15.06.15:048][  0]LogConfig: Setting CVar [[r.TranslucencyVolumeBlur:1]]
[2021.12.24-15.06.15:048][  0]LogConfig: Setting CVar [[r.MaterialQualityLevel:1 ; High quality]]
[2021.12.24-15.06.15:048][  0]LogConfig: Setting CVar [[r.AnisotropicMaterials:1]]
[2021.12.24-15.06.15:048][  0]LogConfig: Setting CVar [[r.SSS.Scale:1]]
[2021.12.24-15.06.15:048][  0]LogConfig: Setting CVar [[r.SSS.SampleSet:2]]
[2021.12.24-15.06.15:048][  0]LogConfig: Setting CVar [[r.SSS.Quality:1]]
[2021.12.24-15.06.15:048][  0]LogConfig: Setting CVar [[r.SSS.HalfRes:0]]
[2021.12.24-15.06.15:048][  0]LogConfig: Setting CVar [[r.SSGI.Quality:3]]
[2021.12.24-15.06.15:048][  0]LogConfig: Setting CVar [[r.EmitterSpawnRateScale:1.0]]
[2021.12.24-15.06.15:048][  0]LogConfig: Setting CVar [[r.ParticleLightQuality:2]]
[2021.12.24-15.06.15:048][  0]LogConfig: Setting CVar [[r.SkyAtmosphere.AerialPerspectiveLUT.FastApplyOnOpaque:1 ; Always have FastSkyLUT 1 in this case to avoid wrong sky]]
[2021.12.24-15.06.15:048][  0]LogConfig: Setting CVar [[r.SkyAtmosphere.AerialPerspectiveLUT.SampleCountMaxPerSlice:4]]
[2021.12.24-15.06.15:048][  0]LogConfig: Setting CVar [[r.SkyAtmosphere.AerialPerspectiveLUT.DepthResolution:16.0]]
[2021.12.24-15.06.15:048][  0]LogConfig: Setting CVar [[r.SkyAtmosphere.FastSkyLUT:1]]
[2021.12.24-15.06.15:048][  0]LogConfig: Setting CVar [[r.SkyAtmosphere.FastSkyLUT.SampleCountMin:4.0]]
[2021.12.24-15.06.15:048][  0]LogConfig: Setting CVar [[r.SkyAtmosphere.FastSkyLUT.SampleCountMax:128.0]]
[2021.12.24-15.06.15:048][  0]LogConfig: Setting CVar [[r.SkyAtmosphere.SampleCountMin:4.0]]
[2021.12.24-15.06.15:048][  0]LogConfig: Setting CVar [[r.SkyAtmosphere.SampleCountMax:128.0]]
[2021.12.24-15.06.15:048][  0]LogConfig: Setting CVar [[r.SkyAtmosphere.TransmittanceLUT.UseSmallFormat:0]]
[2021.12.24-15.06.15:048][  0]LogConfig: Setting CVar [[r.SkyAtmosphere.TransmittanceLUT.SampleCount:10.0]]
[2021.12.24-15.06.15:048][  0]LogConfig: Setting CVar [[r.SkyAtmosphere.MultiScatteringLUT.SampleCount:15.0]]
[2021.12.24-15.06.15:048][  0]LogConfig: Setting CVar [[r.SkyLight.RealTimeReflectionCapture:1]]
[2021.12.24-15.06.15:048][  0]LogConfig: Applying CVar settings from Section [FoliageQuality@3] File [C:/Users/Administrador/Documents/Unreal Projects/IndoorShootingRange5/Saved/Config/Windows/Scalability.ini]
[2021.12.24-15.06.15:048][  0]LogConfig: Setting CVar [[foliage.DensityScale:1.0]]
[2021.12.24-15.06.15:049][  0]LogConfig: Setting CVar [[grass.DensityScale:1.0]]
[2021.12.24-15.06.15:049][  0]LogConfig: Applying CVar settings from Section [ShadingQuality@3] File [C:/Users/Administrador/Documents/Unreal Projects/IndoorShootingRange5/Saved/Config/Windows/Scalability.ini]
[2021.12.24-15.06.15:049][  0]LogConfig: Setting CVar [[r.HairStrands.SkyLighting.IntegrationType:2]]
[2021.12.24-15.06.15:049][  0]LogConfig: Setting CVar [[r.HairStrands.SkyAO.SampleCount:4]]
[2021.12.24-15.06.15:049][  0]LogConfig: Setting CVar [[r.HairStrands.Visibility.MSAA.SamplePerPixel:4]]
[2021.12.24-15.06.15:049][  0]LogInit: Selected Device Profile: [Windows]
[2021.12.24-15.06.15:049][  0]LogInit: Applying CVar settings loaded from the selected device profile: [Windows]
[2021.12.24-15.06.15:049][  0]LogHAL: Display: Platform has ~ 8 GB [8424574976 / 8589934592 / 8], which maps to Default [LargestMinGB=32, LargerMinGB=12, DefaultMinGB=8, SmallerMinGB=6, SmallestMinGB=0)
[2021.12.24-15.06.15:049][  0]LogInit: Going up to parent DeviceProfile []
[2021.12.24-15.06.15:049][  0]LogConfig: Applying CVar settings from Section [ViewDistanceQuality@3] File [C:/Users/Administrador/Documents/Unreal Projects/IndoorShootingRange5/Saved/Config/Windows/Scalability.ini]
[2021.12.24-15.06.15:049][  0]LogConfig: Setting CVar [[r.SkeletalMeshLODBias:0]]
[2021.12.24-15.06.15:049][  0]LogConfig: Setting CVar [[r.ViewDistanceScale:1.0]]
[2021.12.24-15.06.15:049][  0]LogConfig: Applying CVar settings from Section [AntiAliasingQuality@3] File [C:/Users/Administrador/Documents/Unreal Projects/IndoorShootingRange5/Saved/Config/Windows/Scalability.ini]
[2021.12.24-15.06.15:049][  0]LogConfig: Setting CVar [[r.PostProcessAAQuality:4]]
[2021.12.24-15.06.15:049][  0]LogConfig: Applying CVar settings from Section [ShadowQuality@3] File [C:/Users/Administrador/Documents/Unreal Projects/IndoorShootingRange5/Saved/Config/Windows/Scalability.ini]
[2021.12.24-15.06.15:049][  0]LogConfig: Setting CVar [[r.LightFunctionQuality:1]]
[2021.12.24-15.06.15:049][  0]LogConfig: Setting CVar [[r.ShadowQuality:5]]
[2021.12.24-15.06.15:049][  0]LogConfig: Setting CVar [[r.Shadow.CSM.MaxCascades:10]]
[2021.12.24-15.06.15:049][  0]LogConfig: Setting CVar [[r.Shadow.MaxResolution:2048]]
[2021.12.24-15.06.15:049][  0]LogConfig: Setting CVar [[r.Shadow.MaxCSMResolution:2048]]
[2021.12.24-15.06.15:049][  0]LogConfig: Setting CVar [[r.Shadow.RadiusThreshold:0.01]]
[2021.12.24-15.06.15:049][  0]LogConfig: Setting CVar [[r.Shadow.DistanceScale:1.0]]
[2021.12.24-15.06.15:049][  0]LogConfig: Setting CVar [[r.Shadow.CSM.TransitionScale:1.0]]
[2021.12.24-15.06.15:049][  0]LogConfig: Setting CVar [[r.Shadow.PreShadowResolutionFactor:1.0]]
[2021.12.24-15.06.15:049][  0]LogConfig: Setting CVar [[r.DistanceFieldShadowing:1]]
[2021.12.24-15.06.15:049][  0]LogConfig: Setting CVar [[r.DistanceFieldAO:1]]
[2021.12.24-15.06.15:049][  0]LogConfig: Setting CVar [[r.AOQuality:2]]
[2021.12.24-15.06.15:049][  0]LogConfig: Setting CVar [[r.VolumetricFog:1]]
[2021.12.24-15.06.15:049][  0]LogConfig: Setting CVar [[r.VolumetricFog.GridPixelSize:8]]
[2021.12.24-15.06.15:049][  0]LogConfig: Setting CVar [[r.VolumetricFog.GridSizeZ:128]]
[2021.12.24-15.06.15:049][  0]LogConfig: Setting CVar [[r.VolumetricFog.HistoryMissSupersampleCount:4]]
[2021.12.24-15.06.15:049][  0]LogConfig: Setting CVar [[r.LightMaxDrawDistanceScale:1]]
[2021.12.24-15.06.15:049][  0]LogConfig: Setting CVar [[r.CapsuleShadows:1]]
[2021.12.24-15.06.15:049][  0]LogConfig: Applying CVar settings from Section [PostProcessQuality@3] File [C:/Users/Administrador/Documents/Unreal Projects/IndoorShootingRange5/Saved/Config/Windows/Scalability.ini]
[2021.12.24-15.06.15:049][  0]LogConfig: Setting CVar [[r.MotionBlurQuality:4]]
[2021.12.24-15.06.15:049][  0]LogConfig: Setting CVar [[r.AmbientOcclusionMipLevelFactor:0.4]]
[2021.12.24-15.06.15:049][  0]LogConfig: Setting CVar [[r.AmbientOcclusionMaxQuality:100]]
[2021.12.24-15.06.15:049][  0]LogConfig: Setting CVar [[r.AmbientOcclusionLevels:-1]]
[2021.12.24-15.06.15:049][  0]LogConfig: Setting CVar [[r.AmbientOcclusionRadiusScale:1.0]]
[2021.12.24-15.06.15:049][  0]LogConfig: Setting CVar [[r.DepthOfFieldQuality:2]]
[2021.12.24-15.06.15:049][  0]LogConfig: Setting CVar [[r.RenderTargetPoolMin:400]]
[2021.12.24-15.06.15:049][  0]LogConfig: Setting CVar [[r.LensFlareQuality:2]]
[2021.12.24-15.06.15:049][  0]LogConfig: Setting CVar [[r.SceneColorFringeQuality:1]]
[2021.12.24-15.06.15:049][  0]LogConfig: Setting CVar [[r.EyeAdaptationQuality:2]]
[2021.12.24-15.06.15:049][  0]LogConfig: Setting CVar [[r.BloomQuality:5]]
[2021.12.24-15.06.15:049][  0]LogConfig: Setting CVar [[r.FastBlurThreshold:100]]
[2021.12.24-15.06.15:049][  0]LogConfig: Setting CVar [[r.Upscale.Quality:3]]
[2021.12.24-15.06.15:049][  0]LogConfig: Setting CVar [[r.Tonemapper.GrainQuantization:1]]
[2021.12.24-15.06.15:049][  0]LogConfig: Setting CVar [[r.LightShaftQuality:1]]
[2021.12.24-15.06.15:049][  0]LogConfig: Setting CVar [[r.Filter.SizeScale:1]]
[2021.12.24-15.06.15:049][  0]LogConfig: Setting CVar [[r.Tonemapper.Quality:5]]
[2021.12.24-15.06.15:049][  0]LogConfig: Setting CVar [[r.DOF.Gather.AccumulatorQuality:1        ; higher gathering accumulator quality]]
[2021.12.24-15.06.15:049][  0]LogConfig: Setting CVar [[r.DOF.Gather.PostfilterMethod:1          ; Median3x3 postfilering method]]
[2021.12.24-15.06.15:049][  0]LogConfig: Setting CVar [[r.DOF.Gather.EnableBokehSettings:0       ; no bokeh simulation when gathering]]
[2021.12.24-15.06.15:049][  0]LogConfig: Setting CVar [[r.DOF.Gather.RingCount:4                 ; medium number of samples when gathering]]
[2021.12.24-15.06.15:049][  0]LogConfig: Setting CVar [[r.DOF.Scatter.ForegroundCompositing:1    ; additive foreground scattering]]
[2021.12.24-15.06.15:049][  0]LogConfig: Setting CVar [[r.DOF.Scatter.BackgroundCompositing:2    ; additive background scattering]]
[2021.12.24-15.06.15:049][  0]LogConfig: Setting CVar [[r.DOF.Scatter.EnableBokehSettings:1      ; bokeh simulation when scattering]]
[2021.12.24-15.06.15:049][  0]LogConfig: Setting CVar [[r.DOF.Scatter.MaxSpriteRatio:0.1         ; only a maximum of 10% of scattered bokeh]]
[2021.12.24-15.06.15:049][  0]LogConfig: Setting CVar [[r.DOF.Recombine.Quality:1                ; cheap slight out of focus]]
[2021.12.24-15.06.15:049][  0]LogConfig: Setting CVar [[r.DOF.Recombine.EnableBokehSettings:0    ; no bokeh simulation on slight out of focus]]
[2021.12.24-15.06.15:049][  0]LogConfig: Setting CVar [[r.DOF.TemporalAAQuality:1                ; more stable temporal accumulation]]
[2021.12.24-15.06.15:049][  0]LogConfig: Setting CVar [[r.DOF.Kernel.MaxForegroundRadius:0.025]]
[2021.12.24-15.06.15:049][  0]LogConfig: Setting CVar [[r.DOF.Kernel.MaxBackgroundRadius:0.025]]
[2021.12.24-15.06.15:049][  0]LogConfig: Applying CVar settings from Section [TextureQuality@3] File [C:/Users/Administrador/Documents/Unreal Projects/IndoorShootingRange5/Saved/Config/Windows/Scalability.ini]
[2021.12.24-15.06.15:049][  0]LogConfig: Setting CVar [[r.Streaming.MipBias:0]]
[2021.12.24-15.06.15:049][  0]LogConfig: Setting CVar [[r.Streaming.AmortizeCPUToGPUCopy:0]]
[2021.12.24-15.06.15:049][  0]LogConfig: Setting CVar [[r.Streaming.MaxNumTexturesToStreamPerFrame:0]]
[2021.12.24-15.06.15:049][  0]LogConfig: Setting CVar [[r.Streaming.Boost:1]]
[2021.12.24-15.06.15:049][  0]LogConfig: Setting CVar [[r.MaxAnisotropy:8]]
[2021.12.24-15.06.15:049][  0]LogConfig: Setting CVar [[r.VT.MaxAnisotropy:8]]
[2021.12.24-15.06.15:049][  0]LogConfig: Setting CVar [[r.Streaming.LimitPoolSizeToVRAM:0]]
[2021.12.24-15.06.15:049][  0]LogConfig: Setting CVar [[r.Streaming.PoolSize:1000]]
[2021.12.24-15.06.15:049][  0]LogConfig: Setting CVar [[r.Streaming.MaxEffectiveScreenSize:0]]
[2021.12.24-15.06.15:049][  0]LogConfig: Applying CVar settings from Section [EffectsQuality@3] File [C:/Users/Administrador/Documents/Unreal Projects/IndoorShootingRange5/Saved/Config/Windows/Scalability.ini]
[2021.12.24-15.06.15:049][  0]LogConfig: Setting CVar [[r.TranslucencyLightingVolumeDim:64]]
[2021.12.24-15.06.15:049][  0]LogConfig: Setting CVar [[r.RefractionQuality:2]]
[2021.12.24-15.06.15:049][  0]LogConfig: Setting CVar [[r.SSR.Quality:3]]
[2021.12.24-15.06.15:049][  0]LogConfig: Setting CVar [[r.SSR.HalfResSceneColor:0]]
[2021.12.24-15.06.15:049][  0]LogConfig: Setting CVar [[r.SceneColorFormat:4]]
[2021.12.24-15.06.15:049][  0]LogConfig: Setting CVar [[r.DetailMode:2]]
[2021.12.24-15.06.15:049][  0]LogConfig: Setting CVar [[r.TranslucencyVolumeBlur:1]]
[2021.12.24-15.06.15:049][  0]LogConfig: Setting CVar [[r.MaterialQualityLevel:1 ; High quality]]
[2021.12.24-15.06.15:049][  0]LogConfig: Setting CVar [[r.AnisotropicMaterials:1]]
[2021.12.24-15.06.15:049][  0]LogConfig: Setting CVar [[r.SSS.Scale:1]]
[2021.12.24-15.06.15:049][  0]LogConfig: Setting CVar [[r.SSS.SampleSet:2]]
[2021.12.24-15.06.15:049][  0]LogConfig: Setting CVar [[r.SSS.Quality:1]]
[2021.12.24-15.06.15:049][  0]LogConfig: Setting CVar [[r.SSS.HalfRes:0]]
[2021.12.24-15.06.15:049][  0]LogConfig: Setting CVar [[r.SSGI.Quality:3]]
[2021.12.24-15.06.15:049][  0]LogConfig: Setting CVar [[r.EmitterSpawnRateScale:1.0]]
[2021.12.24-15.06.15:049][  0]LogConfig: Setting CVar [[r.ParticleLightQuality:2]]
[2021.12.24-15.06.15:049][  0]LogConfig: Setting CVar [[r.SkyAtmosphere.AerialPerspectiveLUT.FastApplyOnOpaque:1 ; Always have FastSkyLUT 1 in this case to avoid wrong sky]]
[2021.12.24-15.06.15:049][  0]LogConfig: Setting CVar [[r.SkyAtmosphere.AerialPerspectiveLUT.SampleCountMaxPerSlice:4]]
[2021.12.24-15.06.15:050][  0]LogConfig: Setting CVar [[r.SkyAtmosphere.AerialPerspectiveLUT.DepthResolution:16.0]]
[2021.12.24-15.06.15:050][  0]LogConfig: Setting CVar [[r.SkyAtmosphere.FastSkyLUT:1]]
[2021.12.24-15.06.15:050][  0]LogConfig: Setting CVar [[r.SkyAtmosphere.FastSkyLUT.SampleCountMin:4.0]]
[2021.12.24-15.06.15:050][  0]LogConfig: Setting CVar [[r.SkyAtmosphere.FastSkyLUT.SampleCountMax:128.0]]
[2021.12.24-15.06.15:050][  0]LogConfig: Setting CVar [[r.SkyAtmosphere.SampleCountMin:4.0]]
[2021.12.24-15.06.15:050][  0]LogConfig: Setting CVar [[r.SkyAtmosphere.SampleCountMax:128.0]]
[2021.12.24-15.06.15:050][  0]LogConfig: Setting CVar [[r.SkyAtmosphere.TransmittanceLUT.UseSmallFormat:0]]
[2021.12.24-15.06.15:050][  0]LogConfig: Setting CVar [[r.SkyAtmosphere.TransmittanceLUT.SampleCount:10.0]]
[2021.12.24-15.06.15:050][  0]LogConfig: Setting CVar [[r.SkyAtmosphere.MultiScatteringLUT.SampleCount:15.0]]
[2021.12.24-15.06.15:050][  0]LogConfig: Setting CVar [[r.SkyLight.RealTimeReflectionCapture:1]]
[2021.12.24-15.06.15:050][  0]LogConfig: Applying CVar settings from Section [FoliageQuality@3] File [C:/Users/Administrador/Documents/Unreal Projects/IndoorShootingRange5/Saved/Config/Windows/Scalability.ini]
[2021.12.24-15.06.15:050][  0]LogConfig: Setting CVar [[foliage.DensityScale:1.0]]
[2021.12.24-15.06.15:050][  0]LogConfig: Setting CVar [[grass.DensityScale:1.0]]
[2021.12.24-15.06.15:050][  0]LogConfig: Applying CVar settings from Section [ShadingQuality@3] File [C:/Users/Administrador/Documents/Unreal Projects/IndoorShootingRange5/Saved/Config/Windows/Scalability.ini]
[2021.12.24-15.06.15:050][  0]LogConfig: Setting CVar [[r.HairStrands.SkyLighting.IntegrationType:2]]
[2021.12.24-15.06.15:050][  0]LogConfig: Setting CVar [[r.HairStrands.SkyAO.SampleCount:4]]
[2021.12.24-15.06.15:050][  0]LogConfig: Setting CVar [[r.HairStrands.Visibility.MSAA.SamplePerPixel:4]]
[2021.12.24-15.06.15:050][  0]LogConfig: Applying CVar settings from Section [Startup] File [../../../Engine/Config/ConsoleVariables.ini]
[2021.12.24-15.06.15:140][  0]LogConfig: Setting CVar [[net.UseAdaptiveNetUpdateFrequency:0]]
[2021.12.24-15.06.15:140][  0]LogConfig: Setting CVar [[p.chaos.AllowCreatePhysxBodies:1]]
[2021.12.24-15.06.15:140][  0]LogConfig: Setting CVar [[fx.SkipVectorVMBackendOptimizations:1]]
[2021.12.24-15.06.15:140][  0]LogConfig: Applying CVar settings from Section [ConsoleVariables] File [C:/Users/Administrador/Documents/Unreal Projects/IndoorShootingRange5/Saved/Config/Windows/Engine.ini]
[2021.12.24-15.06.15:140][  0]LogConfig: Applying CVar settings from Section [ConsoleVariables] File [C:/Users/Administrador/Documents/Unreal Projects/IndoorShootingRange5/Saved/Config/Windows/Editor.ini]
[2021.12.24-15.06.15:140][  0]LogInit: Computer: DESKTOP-51FAO2K
[2021.12.24-15.06.15:140][  0]LogInit: User: Administrador
[2021.12.24-15.06.15:140][  0]LogInit: CPU Page size=4096, Cores=4
[2021.12.24-15.06.15:140][  0]LogInit: High frequency timer resolution =10.000000 MHz
[2021.12.24-15.06.15:140][  0]LogMemory: Memory total: Physical=7.8GB (8GB approx)
[2021.12.24-15.06.15:140][  0]LogMemory: Platform Memory Stats for Windows
[2021.12.24-15.06.15:140][  0]LogMemory: Process Physical Memory: 141.86 MB used, 141.87 MB peak
[2021.12.24-15.06.15:140][  0]LogMemory: Process Virtual Memory: 126.41 MB used, 126.41 MB peak
[2021.12.24-15.06.15:140][  0]LogMemory: Physical Memory: 6874.19 MB used,  1160.11 MB free, 8034.30 MB total
[2021.12.24-15.06.15:140][  0]LogMemory: Virtual Memory: 134208912.00 MB used,  8819.72 MB free, 134217728.00 MB total
[2021.12.24-15.06.15:191][  0]LogWindows: WindowsPlatformFeatures enabled
[2021.12.24-15.06.15:815][  0]LogInit: Physics initialised using underlying interface: PhysX
[2021.12.24-15.06.15:842][  0]LogInit: Using OS detected language (es-MX).
[2021.12.24-15.06.15:842][  0]LogInit: Using OS detected locale (es-PE).
[2021.12.24-15.06.15:844][  0]LogTextLocalizationResource: LocRes '../../../Engine/Content/Localization/Editor/es-MX/Editor.locres' could not be opened for reading!
[2021.12.24-15.06.15:844][  0]LogTextLocalizationResource: LocRes '../../../Engine/Content/Localization/EditorTutorials/es-MX/EditorTutorials.locres' could not be opened for reading!
[2021.12.24-15.06.15:844][  0]LogTextLocalizationResource: LocRes '../../../Engine/Content/Localization/Keywords/es-MX/Keywords.locres' could not be opened for reading!
[2021.12.24-15.06.15:844][  0]LogTextLocalizationResource: LocRes '../../../Engine/Content/Localization/Category/es-MX/Category.locres' could not be opened for reading!
[2021.12.24-15.06.15:844][  0]LogTextLocalizationResource: LocRes '../../../Engine/Content/Localization/ToolTips/es-MX/ToolTips.locres' could not be opened for reading!
[2021.12.24-15.06.15:844][  0]LogTextLocalizationResource: LocRes '../../../Engine/Content/Localization/PropertyNames/es-MX/PropertyNames.locres' could not be opened for reading!
[2021.12.24-15.06.15:844][  0]LogTextLocalizationResource: LocRes '../../../Engine/Content/Localization/Engine/es-MX/Engine.locres' could not be opened for reading!
[2021.12.24-15.06.15:844][  0]LogTextLocalizationResource: LocRes '../../../Engine/Plugins/Online/OnlineSubsystemUtils/Content/Localization/OnlineSubsystemUtils/es-MX/OnlineSubsystemUtils.locres' could not be opened for reading!
[2021.12.24-15.06.15:844][  0]LogTextLocalizationResource: LocRes '../../../Engine/Plugins/Online/Android/OnlineSubsystemGooglePlay/Content/Localization/OnlineSubsystemGooglePlay/es-MX/OnlineSubsystemGooglePlay.locres' could not be opened for reading!
[2021.12.24-15.06.15:844][  0]LogTextLocalizationResource: LocRes '../../../Engine/Plugins/Online/IOS/OnlineSubsystemIOS/Content/Localization/OnlineSubsystemIOS/es-MX/OnlineSubsystemIOS.locres' could not be opened for reading!
[2021.12.24-15.06.16:272][  0]LogInit: Setting process to per monitor DPI aware
[2021.12.24-15.06.16:447][  0]LogWindowsTextInputMethodSystem: Display: IME system deactivated.
[2021.12.24-15.06.16:680][  0]LogSlate: New Slate User Created.  User Index 0, Is Virtual User: 0
[2021.12.24-15.06.16:680][  0]LogSlate: Slate User Registered.  User Index 0, Is Virtual User: 0
[2021.12.24-15.06.17:466][  0]LogD3D11RHI: Loaded GFSDK_Aftermath_Lib.x64.dll
[2021.12.24-15.06.17:511][  0]LogHMD: Failed to initialize OpenVR with code 110
[2021.12.24-15.06.17:511][  0]LogD3D11RHI: D3D11 min allowed feature level: 11_0
[2021.12.24-15.06.17:511][  0]LogD3D11RHI: D3D11 max allowed feature level: 11_0
[2021.12.24-15.06.17:511][  0]LogD3D11RHI: D3D11 adapters:
[2021.12.24-15.06.17:872][  0]LogD3D11RHI:    0. 'NVIDIA GeForce GTX 1050' (Feature Level 11_0)
[2021.12.24-15.06.17:872][  0]LogD3D11RHI:       4019/0/4017 MB DedicatedVideo/DedicatedSystem/SharedSystem, Outputs:1, VendorId:0x10de
[2021.12.24-15.06.17:915][  0]LogD3D11RHI:    1. 'Intel(R) UHD Graphics 630' (Feature Level 11_0)
[2021.12.24-15.06.17:915][  0]LogD3D11RHI:       128/0/4017 MB DedicatedVideo/DedicatedSystem/SharedSystem, Outputs:0, VendorId:0x8086
[2021.12.24-15.06.17:924][  0]LogD3D11RHI:    2. 'Microsoft Basic Render Driver' (Feature Level 11_0)
[2021.12.24-15.06.17:925][  0]LogD3D11RHI:       0/0/4017 MB DedicatedVideo/DedicatedSystem/SharedSystem, Outputs:0, VendorId:0x1414
[2021.12.24-15.06.17:925][  0]LogD3D11RHI: Chosen D3D11 Adapter:
[2021.12.24-15.06.17:925][  0]LogD3D11RHI:     Description : NVIDIA GeForce GTX 1050
[2021.12.24-15.06.17:925][  0]LogD3D11RHI:     VendorId    : 10de
[2021.12.24-15.06.17:925][  0]LogD3D11RHI:     DeviceId    : 1c8d
[2021.12.24-15.06.17:925][  0]LogD3D11RHI:     SubSysId    : 12651025
[2021.12.24-15.06.17:925][  0]LogD3D11RHI:     Revision    : 00a1
[2021.12.24-15.06.17:925][  0]LogD3D11RHI:     DedicatedVideoMemory : 4214226944 bytes
[2021.12.24-15.06.17:925][  0]LogD3D11RHI:     DedicatedSystemMemory : 0 bytes
[2021.12.24-15.06.17:925][  0]LogD3D11RHI:     SharedSystemMemory : 4212287488 bytes
[2021.12.24-15.06.17:925][  0]LogD3D11RHI:     AdapterLuid : 0 62596
[2021.12.24-15.06.17:932][  0]LogD3D11RHI: Creating new Direct3DDevice
[2021.12.24-15.06.17:932][  0]LogD3D11RHI:     GPU DeviceId: 0x1c8d (for the marketing name, search the web for "GPU Device Id")
[2021.12.24-15.06.17:932][  0]LogWindows: EnumDisplayDevices:
[2021.12.24-15.06.17:932][  0]LogWindows:    0. 'Intel(R) UHD Graphics 630' (P:1 D:1)
[2021.12.24-15.06.17:932][  0]LogWindows:    1. 'Intel(R) UHD Graphics 630' (P:0 D:0)
[2021.12.24-15.06.17:932][  0]LogWindows:    2. 'Intel(R) UHD Graphics 630' (P:0 D:0)
[2021.12.24-15.06.17:933][  0]LogWindows:    3. 'NVIDIA GeForce GTX 1050' (P:0 D:0)
[2021.12.24-15.06.17:933][  0]LogWindows: DebugString: PrimaryIsNotTheChoosenAdapter PrimaryIsNotTheChoosenAdapter PrimaryIsNotTheChoosenAdapter 
[2021.12.24-15.06.17:933][  0]LogD3D11RHI:     Adapter Name: NVIDIA GeForce GTX 1050
[2021.12.24-15.06.17:933][  0]LogD3D11RHI:   Driver Version: 465.89 (internal:27.21.14.6589, unified:465.89)
[2021.12.24-15.06.17:933][  0]LogD3D11RHI:      Driver Date: 3-25-2021
[2021.12.24-15.06.17:933][  0]LogRHI: Texture pool is 2813 MB (70% of 4019 MB)
[2021.12.24-15.06.17:933][  0]LogD3D11RHI: Creating D3DDevice using adapter:
[2021.12.24-15.06.17:933][  0]LogD3D11RHI:     Description : NVIDIA GeForce GTX 1050
[2021.12.24-15.06.17:933][  0]LogD3D11RHI:     VendorId    : 10de
[2021.12.24-15.06.17:933][  0]LogD3D11RHI:     DeviceId    : 1c8d
[2021.12.24-15.06.17:933][  0]LogD3D11RHI:     SubSysId    : 12651025
[2021.12.24-15.06.17:933][  0]LogD3D11RHI:     Revision    : 00a1
[2021.12.24-15.06.17:933][  0]LogD3D11RHI:     DedicatedVideoMemory : 4214226944 bytes
[2021.12.24-15.06.17:933][  0]LogD3D11RHI:     DedicatedSystemMemory : 0 bytes
[2021.12.24-15.06.17:933][  0]LogD3D11RHI:     SharedSystemMemory : 4212287488 bytes
[2021.12.24-15.06.17:933][  0]LogD3D11RHI:     AdapterLuid : 0 62596
[2021.12.24-15.06.18:018][  0]LogD3D11RHI: RHI has support for 64 bit atomics
[2021.12.24-15.06.18:019][  0]LogD3D11RHI: Async texture creation enabled
[2021.12.24-15.06.18:019][  0]LogD3D11RHI: Array index from any shader is supported
[2021.12.24-15.06.18:563][  0]LogD3D11RHI: GPU Timing Frequency: 1000.000000 (Debug: 2 1)
[2021.12.24-15.06.18:644][  0]LogRHI: GeForceNow SDK initialized: 1
[2021.12.24-15.06.22:839][  0]LogTargetPlatformManager: Display: Loaded TargetPlatform 'AllDesktop'
[2021.12.24-15.06.22:869][  0]LogTargetPlatformManager: Display: Loaded TargetPlatform 'Android'
[2021.12.24-15.06.22:869][  0]LogTargetPlatformManager: Display: Loaded TargetPlatform 'Android_ASTC'
[2021.12.24-15.06.22:869][  0]LogTargetPlatformManager: Display: Loaded TargetPlatform 'Android_DXT'
[2021.12.24-15.06.22:869][  0]LogTargetPlatformManager: Display: Loaded TargetPlatform 'Android_ETC2'
[2021.12.24-15.06.22:869][  0]LogTargetPlatformManager: Display: Loaded TargetPlatform 'AndroidClient'
[2021.12.24-15.06.22:869][  0]LogTargetPlatformManager: Display: Loaded TargetPlatform 'Android_ASTCClient'
[2021.12.24-15.06.22:869][  0]LogTargetPlatformManager: Display: Loaded TargetPlatform 'Android_DXTClient'
[2021.12.24-15.06.22:869][  0]LogTargetPlatformManager: Display: Loaded TargetPlatform 'Android_ETC2Client'
[2021.12.24-15.06.22:869][  0]LogTargetPlatformManager: Display: Loaded TargetPlatform 'Android_Multi'
[2021.12.24-15.06.22:869][  0]LogTargetPlatformManager: Display: Loaded TargetPlatform 'Android_MultiClient'
[2021.12.24-15.06.22:950][  0]LogTargetPlatformManager: Display: Loaded TargetPlatform 'IOSClient'
[2021.12.24-15.06.22:950][  0]LogTargetPlatformManager: Display: Loaded TargetPlatform 'IOS'
[2021.12.24-15.06.22:999][  0]LogTargetPlatformManager: Display: Loaded TargetPlatform 'Linux'
[2021.12.24-15.06.23:019][  0]LogTargetPlatformManager: Display: Loaded TargetPlatform 'LinuxNoEditor'
[2021.12.24-15.06.23:032][  0]LogTargetPlatformManager: Display: Loaded TargetPlatform 'LinuxClient'
[2021.12.24-15.06.23:037][  0]LogTargetPlatformManager: Display: Loaded TargetPlatform 'LinuxServer'
[2021.12.24-15.06.23:055][  0]LogTargetPlatformManager: Display: Loaded TargetPlatform 'LinuxAArch64NoEditor'
[2021.12.24-15.06.23:101][  0]LogTargetPlatformManager: Display: Loaded TargetPlatform 'LinuxAArch64Client'
[2021.12.24-15.06.23:149][  0]LogTargetPlatformManager: Display: Loaded TargetPlatform 'LinuxAArch64Server'
[2021.12.24-15.06.23:204][  0]LogTargetPlatformManager: Display: Loaded TargetPlatform 'Lumin'
[2021.12.24-15.06.23:204][  0]LogTargetPlatformManager: Display: Loaded TargetPlatform 'LuminClient'
[2021.12.24-15.06.23:253][  0]LogTargetPlatformManager: Display: Loaded TargetPlatform 'MacNoEditor'
[2021.12.24-15.06.23:273][  0]LogTargetPlatformManager: Display: Loaded TargetPlatform 'Mac'
[2021.12.24-15.06.23:298][  0]LogTargetPlatformManager: Display: Loaded TargetPlatform 'MacClient'
[2021.12.24-15.06.23:303][  0]LogTargetPlatformManager: Display: Loaded TargetPlatform 'MacServer'
[2021.12.24-15.06.23:328][  0]LogTargetPlatformManager: Display: Loaded TargetPlatform 'TVOSClient'
[2021.12.24-15.06.23:328][  0]LogTargetPlatformManager: Display: Loaded TargetPlatform 'TVOS'
[2021.12.24-15.06.23:349][  0]LogTargetPlatformManager: Display: Loaded TargetPlatform 'WindowsNoEditor'
[2021.12.24-15.06.23:382][  0]LogTargetPlatformManager: Display: Loaded TargetPlatform 'Windows'
[2021.12.24-15.06.23:400][  0]LogTargetPlatformManager: Display: Loaded TargetPlatform 'WindowsClient'
[2021.12.24-15.06.23:405][  0]LogTargetPlatformManager: Display: Loaded TargetPlatform 'WindowsServer'
[2021.12.24-15.06.23:405][  0]LogTargetPlatformManager: Display: Building Assets For Windows
[2021.12.24-15.06.23:561][  0]LogAudioDebug: Display: Lib vorbis DLL was dynamically loaded.
[2021.12.24-15.06.23:951][  0]LogTextureFormatOodle: Display: Oodle Texture 2.9.0 init RDO Off
[2021.12.24-15.06.24:400][  0]LogRendererCore: Ray tracing is disabled. Reason: r.RayTracing=0.
[2021.12.24-15.06.24:400][  0]LogShaderCompilers: Guid format shader working directory is -16 characters bigger than the processId version (C:/Users/Administrador/Documents/Unreal Projects/IndoorShootingRange5/Intermediate/Shaders/WorkingDirectory/14204/).
[2021.12.24-15.06.24:400][  0]LogShaderCompilers: Cleaned the shader compiler working directory 'C:/Users/Administrador/AppData/Local/Temp/UnrealShaderWorkingDir/95EC85D94BEBD3BF42785EACBB806BB2/'.
[2021.12.24-15.06.24:401][  0]LogShaderCompilers: Display: Using XGE Controller for Shader Compilation.
[2021.12.24-15.06.25:955][  0]LogDerivedDataCache: Display: Max Cache Size: 512 MB
[2021.12.24-15.06.26:252][  0]LogDerivedDataCache: Loaded boot cache 0.30s 102MB C:/Users/Administrador/AppData/Local/UnrealEngine/4.27/DerivedDataCache/Boot.ddc.
[2021.12.24-15.06.26:252][  0]LogDerivedDataCache: Display: Loaded Boot cache: C:/Users/Administrador/AppData/Local/UnrealEngine/4.27/DerivedDataCache/Boot.ddc
[2021.12.24-15.06.26:252][  0]LogDerivedDataCache: FDerivedDataBackendGraph:  Pak pak cache file C:/Users/Administrador/Documents/Unreal Projects/IndoorShootingRange5/DerivedDataCache/DDC.ddp not found, will not use a pak cache.
[2021.12.24-15.06.26:252][  0]LogDerivedDataCache: Unable to find inner node Pak for hierarchical cache Hierarchy.
[2021.12.24-15.06.26:252][  0]LogDerivedDataCache: FDerivedDataBackendGraph:  CompressedPak pak cache file C:/Users/Administrador/Documents/Unreal Projects/IndoorShootingRange5/DerivedDataCache/Compressed.ddp not found, will not use a pak cache.
[2021.12.24-15.06.26:252][  0]LogDerivedDataCache: Unable to find inner node CompressedPak for hierarchical cache Hierarchy.
[2021.12.24-15.06.26:337][  0]LogDerivedDataCache: Display: Pak cache opened for reading ../../../Engine/DerivedDataCache/Compressed.ddp.
[2021.12.24-15.06.26:337][  0]LogDerivedDataCache: FDerivedDataBackendGraph:  EnterprisePak pak cache file ../../../Enterprise/DerivedDataCache/Compressed.ddp not found, will not use a pak cache.
[2021.12.24-15.06.26:337][  0]LogDerivedDataCache: Unable to find inner node EnterprisePak for hierarchical cache Hierarchy.
[2021.12.24-15.06.26:363][  0]LogDerivedDataCache: Speed tests for C:/Users/Administrador/AppData/Local/UnrealEngine/Common/DerivedDataCache took 0.03 seconds
[2021.12.24-15.06.26:363][  0]LogDerivedDataCache: Display: Performance to C:/Users/Administrador/AppData/Local/UnrealEngine/Common/DerivedDataCache: Latency=0.02ms. RandomReadSpeed=61.10MBs, RandomWriteSpeed=87.81MBs. Assigned SpeedClass 'Local'
[2021.12.24-15.06.26:364][  0]LogDerivedDataCache: Using Local data cache path C:/Users/Administrador/AppData/Local/UnrealEngine/Common/DerivedDataCache: Writable
[2021.12.24-15.06.26:364][  0]LogDerivedDataCache: Shared data cache path not found in *engine.ini, will not use an Shared cache.
[2021.12.24-15.06.26:364][  0]LogDerivedDataCache: Unable to find inner node Shared for hierarchical cache Hierarchy.
[2021.12.24-15.06.26:409][  0]LogSlate: Using FreeType 2.10.0
[2021.12.24-15.06.26:497][  0]LogSlate: SlateFontServices - WITH_FREETYPE: 1, WITH_HARFBUZZ: 1
[2021.12.24-15.06.26:903][  0]LogAssetRegistry: FAssetRegistry took 0.0025 seconds to start up
[2021.12.24-15.06.27:215][  0]LogInit: Selected Device Profile: [Windows]
[2021.12.24-15.06.27:215][  0]LogInit: Active device profile: [00000224FB610F00][00000224F126C300 49] Windows
[2021.12.24-15.06.27:215][  0]LogInit: Profiles: [00000224FB610F00][00000224F126C300 49] Windows, [00000224FB5D2A00][00000224FA980480 49] WindowsNoEditor, [00000224FB611F00][00000224FA984600 49] WindowsServer, [00000224FB5D1C00][00000224FA988780 49] WindowsClient, [00000224FB611000][00000224FA98C900 49] IOS, [00000224FB5D1800][00000224F1270A40 49] iPadAir, [00000224FB613300][00000224FA990B80 49] iPadAir2, [00000224FB579300][00000224FA998DC0 49] IPadPro, [00000224FB579400][00000224FA994E00 49] iPadAir3, [00000224FB5D0B00][00000224FA9A0F80 49] iPadAir4, [00000224FB57A100][00000224FA9A5100 49] iPadMini2, [00000224FB5D3A00][00000224FA9A9280 49] iPadMini3, [00000224FB57AC00][00000224FA9AD400 49] iPadMini4, [00000224FB5D2D00][00000224FA9B1580 49] iPadMini5, [00000224FB5B4E00][00000224FA9B9840 49] iPhone6, [00000224FB5B4F00][00000224FA9B5880 49] iPodTouch6, [00000224FB612800][00000224FA9C1B40 49] iPhone7, [00000224FB612900][00000224FA9BDB80 49] iPodTouch7, [00000224FB578C00][00000224FA9C4180 49] iPhone5S, [00000224FB611300][00000224FA9C8300 49] iPhone6Plus, [00000224FB57AA00][00000224FA9CC480 49] iPhone6S, [00000224FB612D00][00000224FA9D0600 49] iPhone6SPlus, [00000224FB5B4100][00000224FA9D4780 49] iPhone7Plus, [00000224FB579D00][00000224FA9D8900 49] iPhoneSE, [00000224FB5B4C00][00000224FA9DCA80 49] iPhone8, [00000224FB578400][00000224FA99CBC0 49] iPhone8Plus, [00000224FB5B6A00][00000224FA9E0D00 49] iPhoneX, [00000224FB57BC00][00000224FA9E4E40 49] iPhoneXS, [00000224FB5B6900][00000224FA9E8F80 49] iPhoneXSMax, [00000224FB578B00][00000224FA9F1100 49] iPhoneXR, [00000224FB613800][00000224FA9F5280 49] iPhone11, [00000224FB57BD00][00000224FA9F9400 49] iPhone11Pro, [00000224FB611C00][00000224FA9FD580 49] iPhone11ProMax, [00000224FB579100][00000224FAA01700 49] iPhoneSE2, [00000224FB611200][00000224FAA05880 49] iPhone12Mini, [00000224FB57B100][00000224FAA09A00 49] iPhone12, [00000224FB610900][00000224FAA0DB80 49] iPhone12Pro, [00000224FB578D00][00000224FAA10180 49] iPhone12ProMax, [00000224FB613C00][00000224FAA14300 49] iPadPro105, [00000224FB57B700][00000224FAA18480 49] iPadPro129, [00000224FB613000][00000224FAA1C600 49] iPadPro97, [00000224FB578F00][00000224FAA20780 49] iPadPro2_129, [00000224FB610C00][00000224FAA24900 49] iPad5, [00000224FB57BB00][00000224FAA28A80 49] iPad6, [00000224FB610400][00000224FAA2CC00 49] iPad7, [00000224FB57BE00][00000224FA9ECD40 49] iPad8, [00000224FB611B00][00000224FAA30E80 49] iPadPro11, [00000224FB57A400][00000224FAA34FC0 49] iPadPro2_11, [00000224FB610800][00000224FAA39100 49] iPadPro3_129, [00000224FB57A800][00000224FAA41280 49] iPadPro4_129, [00000224FB612F00][00000224FAA45400 49] AppleTV, [00000224FB579200][00000224FAA49580 49] AppleTV4K, [00000224FB611700][00000224FAA4D700 49] TVOS, [00000224FB57B600][00000224EA9FF880 49] Mac, [00000224FB613A00][00000224EAA03A00 49] MacClient, [00000224FB57A500][00000224EAA07B80 49] MacNoEditor, [00000224FB610500][00000224EAA0A180 49] MacServer, [00000224FB57A000][00000224EAA0E300 49] Linux, [00000224FB613B00][00000224EAA12480 49] LinuxAArch64, [00000224FB578300][00000224EAA16600 49] LinuxNoEditor, [00000224FB613700][00000224EAA1A780 49] LinuxAArch64NoEditor, [00000224FB57A600][00000224EAA1E900 49] LinuxClient, [00000224FB612600][00000224EAA22A80 49] LinuxAArch64Client, [00000224FB579A00][00000224EAA26C00 49] LinuxServer, [00000224FB610200][00000224FBA60D80 49] LinuxAArch64Server, [00000224FB579600][00000224FBA64F00 49] Android, [00000224FB612100][00000224FAA3D040 49] Android_Low, [00000224FB57B800][00000224FBA69180 49] Android_Mid, [00000224FB610600][00000224FBA6D2C0 49] Android_High, [00000224FB57A300][00000224FBA75440 49] Android_Default, [00000224FB612300][00000224FBA795C0 49] Android_Adreno4xx, [00000224FB57B000][00000224FBA7D740 49] Android_Adreno5xx_Low, [00000224FB612A00][00000224FBA818C0 49] Android_Adreno5xx, [00000224FB578100][00000224FBA85A40 49] Android_Adreno6xx, [00000224FB610B00][00000224FBA89BC0 49] Android_Adreno6xx_Vulkan, [00000224FB578A00][00000224FBA8C1C0 49] Android_Mali_T6xx, [00000224FB610700][00000224FBA90340 49] Android_Mali_T7xx, [00000224FB5D2000][00000224FBA944C0 49] Android_Mali_T8xx, [00000224FB5B4300][00000224FBA98640 49] Android_Mali_G71, [00000224FB5D0600][00000224FBA9C7C0 49] Android_Mali_G72, [00000224FB5B5200][00000224FBAA0940 49] Android_Mali_G72_Vulkan, [00000224FB5D1400][00000224FBAA4AC0 49] Android_Mali_G76, [00000224FB5B4700][00000224FBAA8C40 49] Android_Mali_G76_Vulkan, [00000224FB5D1500][00000224FBAACDC0 49] Android_Mali_G77, [00000224FB5B7B00][00000224FBAB0F40 49] Android_Mali_G77_Vulkan, [00000224FB5D2100][00000224FBAB50C0 49] Android_Mali_G78, [00000224FB5B7100][00000224FBA71200 49] Android_Mali_G78_Vulkan, [00000224FB5D3F00][00000224FBAB9340 49] Android_Mali_G710, [00000224FB5B6C00][00000224FBABD480 49] Android_Mali_G710_Vulkan, [00000224FB5D3C00][00000224FBAC15C0 49] Android_Vulkan_SM5, [00000224FB5B7800][00000224FBAC9740 49] Android_PowerVR_G6xxx, [00000224FB5D1F00][00000224FBACD8C0 49] Android_PowerVR_GT7xxx, [00000224FB5B5D00][00000224FBAD1A40 49] Android_PowerVR_GE8xxx, [00000224FB5D3300][00000224FBAD5BC0 49] Android_PowerVR_GM9xxx, [00000224FB5B4800][00000224FBAD81C0 49] Android_PowerVR_GM9xxx_Vulkan, [00000224FB5D2200][00000224FBADC340 49] Android_TegraK1, [00000224FB5B5000][00000224FBAE04C0 49] Android_Unknown_Vulkan, [00000224FB5D2900][00000224FBAE4640 49] Lumin, [00000224FB5B7E00][00000224FBAE87C0 49] Lumin_Desktop, [00000224FB5D3100][00000224FBAEC940 49] HoloLens, 
[2021.12.24-15.06.28:339][  0]LogMeshReduction: Using QuadricMeshReduction for automatic static mesh reduction
[2021.12.24-15.06.28:339][  0]LogMeshReduction: Using SimplygonMeshReduction for automatic skeletal mesh reduction
[2021.12.24-15.06.28:339][  0]LogMeshReduction: Using ProxyLODMeshReduction for automatic mesh merging
[2021.12.24-15.06.28:339][  0]LogMeshReduction: No distributed automatic mesh merging module available
[2021.12.24-15.06.28:339][  0]LogMeshMerging: No distributed automatic mesh merging module available
[2021.12.24-15.06.28:402][  0]LogNetVersion: IndoorShootingRange5 1.0.0, NetCL: 17155196, EngineNetVer: 17, GameNetVer: 0 (Checksum: 1502683177)
[2021.12.24-15.06.34:009][  0]LogTexture: Default maximum texture size for cubemaps generated from long-lat sources has been changed from 512 to unlimited. In order to preserve old behaiour for '/Engine/MapTemplates/Sky/DaylightAmbientCubemap.DaylightAmbientCubemap', its maximum texture size has been explicitly set to 512.
[2021.12.24-15.06.34:244][  0]LogHMD: PokeAHoleMaterial loaded successfully
[2021.12.24-15.06.34:248][  0]LogUObjectArray: 17178 objects as part of root set at end of initial load.
[2021.12.24-15.06.34:248][  0]LogUObjectAllocator: 4301856 out of 0 bytes used by permanent object pool.
[2021.12.24-15.06.34:248][  0]LogUObjectArray: CloseDisregardForGC: 0/0 objects in disregard for GC pool
[2021.12.24-15.06.36:236][  0]LogNiagaraDebuggerClient: Niagara Debugger Client Initialized | Session: 584CA23D45C137BBD3E8DC8139B927B1 | Instance: 0F1C78C041A3F5821F0432961C5C0D39 (DESKTOP-51FAO2K-14204).
[2021.12.24-15.06.37:002][  0]LogImageWrapper: Warning: PNG Warning: Duplicate iCCP chunk
[2021.12.24-15.06.37:002][  0]LogImageWrapper: Warning: PNG Warning: Duplicate iCCP chunk
[2021.12.24-15.06.37:002][  0]LogTcpMessaging: Initializing TcpMessaging bridge
[2021.12.24-15.06.37:052][  0]LogUdpMessaging: Initializing bridge on interface 0.0.0.0:0 to multicast group 230.0.0.1:6666.
[2021.12.24-15.06.37:267][  0]LogPython: Using Python 3.7.7
[2021.12.24-15.06.39:004][  0]SourceControl: El control de código fuente está desactivado
[2021.12.24-15.06.39:005][  0]SourceControl: El control de código fuente está desactivado
[2021.12.24-15.06.39:063][  0]SourceControl: El control de código fuente está desactivado
[2021.12.24-15.06.39:073][  0]SourceControl: El control de código fuente está desactivado
[2021.12.24-15.06.39:891][  0]SourceControl: El control de código fuente está desactivado
[2021.12.24-15.06.39:967][  0]LogUProjectInfo: Found projects:
[2021.12.24-15.06.40:631][  0]LogAndroidPermission: UAndroidPermissionCallbackProxy::GetInstance
[2021.12.24-15.06.40:712][  0]LogAudioCaptureCore: Display: No Audio Capture implementations found. Audio input will be silent.
[2021.12.24-15.06.40:712][  0]LogAudioCaptureCore: Display: No Audio Capture implementations found. Audio input will be silent.
[2021.12.24-15.06.41:955][  0]LogOpenImageDenoise: OIDN starting up
[2021.12.24-15.06.42:019][  0]LogCollectionManager: Loaded 0 collections in 0.000550 seconds
[2021.12.24-15.06.42:032][  0]LogFileCache: Scanning file cache for directory 'C:/Users/Administrador/Documents/Unreal Projects/IndoorShootingRange5/Saved/Collections/' took 0.00s
[2021.12.24-15.06.42:032][  0]LogFileCache: Scanning file cache for directory 'C:/Users/Administrador/Documents/Unreal Projects/IndoorShootingRange5/Content/Developers/Administrador/Collections/' took 0.00s
[2021.12.24-15.06.42:032][  0]LogFileCache: Scanning file cache for directory 'C:/Users/Administrador/Documents/Unreal Projects/IndoorShootingRange5/Content/Collections/' took 0.00s
[2021.12.24-15.06.42:073][  0]LogOcInput: OculusInput pre-init called
[2021.12.24-15.06.42:622][  0]LogImageWrapper: Warning: PNG Warning: Duplicate iCCP chunk
[2021.12.24-15.06.42:622][  0]LogImageWrapper: Warning: PNG Warning: Duplicate iCCP chunk
[2021.12.24-15.06.42:622][  0]LogEngine: Initializing Engine...
[2021.12.24-15.06.42:804][  0]LogHMD: Failed to enumerate extensions. Please check that you have a valid OpenXR runtime installed.
[2021.12.24-15.06.42:805][  0]LogHMD: Failed to initialize OpenVR with code 110
[2021.12.24-15.06.42:822][  0]LogMagicLeap: Warning: VR disabled because ZI is not enabled.  To enable, in the editor, Edit -> Project Settings -> Plugins -> Magic Leap Plugin -> Enable Zero Iteration
[2021.12.24-15.06.42:830][  0]LogStats: UGameplayTagsManager::InitializeManager -  0.000 s
[2021.12.24-15.06.43:214][  0]LogInit: Initializing FReadOnlyCVARCache
[2021.12.24-15.06.43:316][  0]LogAIModule: Creating AISystem for world Untitled
[2021.12.24-15.06.43:317][  0]LogAudio: Display: Initializing Audio Device Manager...
[2021.12.24-15.06.43:340][  0]LogAudio: Display: Loading Default Audio Settings Objects...
[2021.12.24-15.06.43:346][  0]LogAudio: Display: No default SoundConcurrencyObject specified (or failed to load).
[2021.12.24-15.06.43:347][  0]LogAudio: Display: Audio Device Manager Initialized
[2021.12.24-15.06.43:347][  0]LogAudio: Display: Creating Audio Device:                 Id: 1, Scope: Shared, Realtime: True
[2021.12.24-15.06.43:347][  0]LogAudioMixer: Display: Audio Mixer Platform Settings:
[2021.12.24-15.06.43:347][  0]LogAudioMixer: Display: 	Sample Rate:						  48000
[2021.12.24-15.06.43:347][  0]LogAudioMixer: Display: 	Callback Buffer Frame Size Requested: 1024
[2021.12.24-15.06.43:347][  0]LogAudioMixer: Display: 	Callback Buffer Frame Size To Use:	  1024
[2021.12.24-15.06.43:347][  0]LogAudioMixer: Display: 	Number of buffers to queue:			  2
[2021.12.24-15.06.43:347][  0]LogAudioMixer: Display: 	Max Channels (voices):				  32
[2021.12.24-15.06.43:347][  0]LogAudioMixer: Display: 	Number of Async Source Workers:		  0
[2021.12.24-15.06.43:347][  0]LogAudio: Display: AudioDevice MaxSources: 32
[2021.12.24-15.06.43:347][  0]LogAudio: Display: Audio Spatialization Plugin: None (built-in).
[2021.12.24-15.06.43:347][  0]LogAudio: Display: Audio Reverb Plugin: None (built-in).
[2021.12.24-15.06.43:347][  0]LogAudio: Display: Audio Occlusion Plugin: None (built-in).
[2021.12.24-15.06.43:347][  0]LogAudioMixer: Display: Initializing audio mixer.
[2021.12.24-15.06.43:385][  0]LogAudioMixer: Display: 0: FrontLeft
[2021.12.24-15.06.43:385][  0]LogAudioMixer: Display: 1: FrontRight
[2021.12.24-15.06.43:426][  0]LogAudioMixer: Display: Using Audio Device Altavoces (Realtek High Definition Audio)
[2021.12.24-15.06.43:428][  0]LogAudioMixer: Display: Initializing Sound Submixes...
[2021.12.24-15.06.43:431][  0]LogAudioMixer: Display: Creating Master Submix 'MasterSubmixDefault'
[2021.12.24-15.06.43:431][  0]LogAudioMixer: Display: Creating Master Submix 'MasterReverbSubmixDefault'
[2021.12.24-15.06.43:432][  0]LogAudioMixer: Display: Creating Master Submix 'MasterEQSubmixDefault'
[2021.12.24-15.06.43:432][  0]LogAudioMixer: FMixerPlatformXAudio2::StartAudioStream() called
[2021.12.24-15.06.43:432][  0]LogAudioMixer: Display: Output buffers initialized: Frames=1024, Channels=2, Samples=2048
[2021.12.24-15.06.43:433][  0]LogAudioMixer: Display: Starting AudioMixerPlatformInterface::RunInternal()
[2021.12.24-15.06.43:433][  0]LogAudioMixer: Display: FMixerPlatformXAudio2::SubmitBuffer() called for the first time
[2021.12.24-15.06.43:433][  0]LogInit: FAudioDevice initialized.
[2021.12.24-15.06.43:433][  0]LogAudio: Display: Audio Device (ID: 1) registered with world 'Untitled'.
[2021.12.24-15.06.43:433][  0]LogNetVersion: Set ProjectVersion to 1.0.0.0. Version Checksum will be recalculated on next use.
[2021.12.24-15.06.43:523][  0]LogDerivedDataCache: Saved boot cache 0.09s 102MB C:/Users/Administrador/AppData/Local/UnrealEngine/4.27/DerivedDataCache/Boot.ddc.
[2021.12.24-15.06.43:526][  0]LogInit: Texture streaming: Enabled
[2021.12.24-15.06.43:672][  0]LogAnalytics: Display: [UEEditor.Rocket.Release] APIServer = https://datarouter.ol.epicgames.com/. AppVersion = 4.27.1-17735300+++UE4+Release-4.27
[2021.12.24-15.06.43:691][  0]LogEngineSessionManager: EngineSessionManager initialized
[2021.12.24-15.06.43:692][  0]LogEditorSessionSummary: Verbose: Initializing EditorSessionSummaryWriter for editor session tracking
[2021.12.24-15.06.43:693][  0]LogEditorSessionSummary: EditorSessionSummaryWriter initialized
[2021.12.24-15.06.44:007][  0]LogInit: Transaction tracking system initialized
[2021.12.24-15.06.44:405][  0]BlueprintLog: New page: Cargar el editor
[2021.12.24-15.06.44:833][  0]LocalizationService: Localization service is disabled
[2021.12.24-15.06.45:007][  0]TimingProfiler: Initialize
[2021.12.24-15.06.45:007][  0]TimingProfiler: OnSessionChanged
[2021.12.24-15.06.45:007][  0]LoadingProfiler: Initialize
[2021.12.24-15.06.45:007][  0]LoadingProfiler: OnSessionChanged
[2021.12.24-15.06.45:007][  0]NetworkingProfiler: Initialize
[2021.12.24-15.06.45:007][  0]NetworkingProfiler: OnSessionChanged
[2021.12.24-15.06.45:007][  0]MemoryProfiler: Initialize
[2021.12.24-15.06.45:007][  0]MemoryProfiler: OnSessionChanged
[2021.12.24-15.06.45:022][  0]LogClass: Warning: In asset 'None', there is an enum property of type 'EIOSVersion' with an invalid value of 'IOS_9'
[2021.12.24-15.06.45:022][  0]LogObj: Error: LoadConfig (/Script/IOSRuntimeSettings.Default__IOSRuntimeSettings): import failed for MinimumiOSVersion in: IOS_9
[2021.12.24-15.06.46:520][  0]LogCook: Display: CookSettings for Memory: MemoryMaxUsedVirtual 0MiB, MemoryMaxUsedPhysical 16384MiB, MemoryMinFreeVirtual 0MiB, MemoryMinFreePhysical 1024MiB
[2021.12.24-15.06.46:520][  0]LogCook: Display: Mobile HDR setting 1
[2021.12.24-15.06.46:580][  0]LogFileCache: Scanning file cache for directory 'C:/Users/Administrador/Documents/Unreal Projects/IndoorShootingRange5/Content/' took 0.01s
[2021.12.24-15.06.48:411][  0]LogImageWrapper: Warning: PNG Warning: Duplicate iCCP chunk
[2021.12.24-15.06.48:411][  0]LogImageWrapper: Warning: PNG Warning: Duplicate iCCP chunk
[2021.12.24-15.06.48:411][  0]LogInit: Display: Engine is initialized. Leaving FEngineLoop::Init()
[2021.12.24-15.06.48:422][  0]SourceControl: El control de código fuente está desactivado
[2021.12.24-15.06.48:828][  0]LogSlate: Took 0.019734 seconds to synchronously load lazily loaded font '../../../Engine/Content/Slate/Fonts/Roboto-Regular.ttf' (155K)
